{"numTotalTestSuites":4,"numPassedTestSuites":4,"numFailedTestSuites":0,"numPendingTestSuites":0,"numTotalTests":4,"numPassedTests":4,"numFailedTests":0,"numPendingTests":0,"numTodoTests":0,"snapshot":{"added":0,"failure":false,"filesAdded":0,"filesRemoved":0,"filesRemovedList":[],"filesUnmatched":0,"filesUpdated":0,"matched":0,"total":0,"unchecked":0,"uncheckedKeysByFile":[],"unmatched":0,"updated":0,"didUpdate":false},"startTime":1773719795167,"success":true,"testResults":[{"assertionResults":[{"ancestorTitles":["GPU bootstrap demo"],"fullName":"GPU bootstrap demo compiles the canonical triangle demo through the Type 1 WebGPU path","status":"passed","title":"compiles the canonical triangle demo through the Type 1 WebGPU path","duration":41.334749999999985,"failureMessages":[],"meta":{}}],"startTime":1773719797492,"endTime":1773719797533.3347,"status":"passed","message":"","name":"/Users/bmf/code/oscilla-animator-v2/src/demo/__tests__/gpu-bootstrap-demo.test.ts"},{"assertionResults":[{"ancestorTitles":["GPU patch compatibility"],"fullName":"GPU patch compatibility marks the bootstrap path blocks as verified and legacy render block as unverified","status":"passed","title":"marks the bootstrap path blocks as verified and legacy render block as unverified","duration":0.5197919999998248,"failureMessages":[],"meta":{}},{"ancestorTitles":["GPU patch compatibility"],"fullName":"GPU patch compatibility accepts the canonical GPU bootstrap demo","status":"passed","title":"accepts the canonical GPU bootstrap demo","duration":2.1622910000000957,"failureMessages":[],"meta":{}},{"ancestorTitles":["GPU patch compatibility"],"fullName":"GPU patch compatibility rejects legacy demos that still depend on unverified blocks","status":"passed","title":"rejects legacy demos that still depend on unverified blocks","duration":8.54120799999987,"failureMessages":[],"meta":{}}],"startTime":1773719797159,"endTime":1773719797170.5413,"status":"passed","message":"","name":"/Users/bmf/code/oscilla-animator-v2/src/services/__tests__/GpuPatchCompatibility.test.ts"}]}